<?xml version="1.0" encoding="UTF-8" ?>
<testsuite failures="0" time="0.066" errors="0" skipped="0" tests="5" name="test.redis.RedisTest">
  <properties>
[...]
</properties>
  <testcase time="0.031" classname="test.redis.RedisTest" name="testSetKey"/>
  <testcase time="0" classname="test.redis.RedisTest" name="testSetUpdateKey"/>
  <testcase time="0.001" classname="test.redis.RedisTest" name="testGetKey"/>
  <testcase time="0.001" classname="test.redis.RedisTest" name="testDelKey"/>
  <testcase time="0.001" classname="test.redis.RedisTest" name="testURL"/>
</testsuite>